2024-08-11 21:56:54,133 : INFO : step3_data_preprocessing_stage1.py : Data preprocessing started.
2024-08-11 21:56:54,206 : INFO : step3_data_preprocessing_stage1.py : Removed unnecessary columns from the data.
2024-08-11 21:56:54,292 : INFO : step3_data_preprocessing_stage1.py : Removed values of the column age that does not make sense.
2024-08-11 21:56:54,348 : INFO : step3_data_preprocessing_stage1.py : Replaced dash with Negative in target column.
2024-08-11 21:57:06,430 : INFO : step4_data_preprocessing_stage2.py : Splitted the data into independent and dependent features.
2024-08-11 21:57:06,445 : INFO : step4_data_preprocessing_stage2.py : Splitted the data into the data for training and the data for validation.
2024-08-11 21:57:06,452 : INFO : step4_data_preprocessing_stage2.py : Created a pipeline to preprocess the categorical features in the data.
2024-08-11 21:57:06,452 : INFO : step4_data_preprocessing_stage2.py : Created a pipeline to preprocess the numerical features in the data.
2024-08-11 21:57:06,452 : INFO : step4_data_preprocessing_stage2.py : Combined the preprocess pipelines created for categorical and numerical data preprocessing.
2024-08-11 21:57:06,488 : INFO : step4_data_preprocessing_stage2.py : Trained the whole preprocess pipeline on the train data.
2024-08-11 21:57:06,488 : INFO : step4_data_preprocessing_stage2.py : Transformed the train data using fitted preprocess pipeline.
2024-08-11 21:57:06,503 : INFO : step4_data_preprocessing_stage2.py : Transformed the test data using fitted preprocess pipeline.
2024-08-11 21:57:06,503 : INFO : step4_data_preprocessing_stage2.py : Saved the fitted preprocess pipeline as a python pickle file.
2024-08-11 21:57:06,945 : INFO : step4_data_preprocessing_stage2.py : Oversampling operation performed on the training data.
2024-08-11 21:57:06,945 : INFO : step4_data_preprocessing_stage2.py : label encoder trained.
2024-08-11 21:57:06,945 : INFO : step4_data_preprocessing_stage2.py : target feature from the training data transformed using trained label encoder
2024-08-11 21:57:06,945 : INFO : step4_data_preprocessing_stage2.py : target feature from the test data transformed using trained label encoder
2024-08-11 21:57:06,945 : INFO : step4_data_preprocessing_stage2.py : trained label encoder saved as a python pickle file.
2024-08-11 21:57:07,067 : INFO : step4_data_preprocessing_stage2.py : Preprocess X_train saved.
2024-08-11 21:57:07,090 : INFO : step4_data_preprocessing_stage2.py : Preprocessed X_val saved
2024-08-11 21:57:07,107 : INFO : step4_data_preprocessing_stage2.py : Preprocessed y_train saved
2024-08-11 21:57:07,111 : INFO : step4_data_preprocessing_stage2.py : Preprocessed y_val saved
2024-08-11 21:57:07,111 : INFO : step4_data_preprocessing_stage2.py : Interm data directories removed.
2024-08-11 21:57:07,113 : INFO : step4_data_preprocessing_stage2.py : Data preprocessing completed successfully.
